C51 COMPILER V9.54   DIGITAL_LED                                                           11/27/2025 15:56:45 PAGE 1   


C51 COMPILER V9.54, COMPILATION OF MODULE DIGITAL_LED
OBJECT MODULE PLACED IN .\Objects\Digital_LED.obj
COMPILER INVOKED BY: E:\Keil5 C51\Keil5 C51\C51\BIN\C51.EXE Digital_LED.c OPTIMIZE(8,SPEED) BROWSE DEBUG OBJECTEXTEND PR
                    -INT(.\Listings\Digital_LED.lst) OBJECT(.\Objects\Digital_LED.obj)

line level    source

   1          #include "STC15.h"
   2          
   3          
   4          //å…¨å±€å˜é‡å­˜å‚¨å››ä¸ªæ•°ç ç®¡çš„çŠ¶æ€ï¼Œä¸»å‡½æ•°é‡Œæ”¹å˜å…¨å±€å˜é‡ï¼Œæ‰«æå‡½æ•°é‡Œè¯»å–å…¨å±
             -€å˜é‡åˆ·æ–°åˆ°æ•°ç ç®¡
   5          unsigned char code_888led[]={10,10,10,10};
   6          
   7          
   8          /**
   9                  * @brief                ä¼ å…¥ä½ç½®å’Œæ•°å­—ï¼Œåœ¨ä½ç½®ä¸Šæ˜¾ç¤ºæ•°å­—//0~9æ¯ä¸ªç ä»£è¡¨ä¸€ä¸ªæ•°å­—,10ä»£è¡¨ç©ºç™½
  10                  * @param                è¦æ˜¾ç¤ºçš„ä½ç½®ï¼Œ1~8
  11                  * @param                è¦æ˜¾ç¤ºçš„æ•°å­—0~9ï¼Œ10ä¸ºç©ºç™½
  12                  * @retval               æ— 
  13                  */
  14          unsigned char code leddata[]={
  15                  0xc0,//0
  16                  0xf9,//1
  17                  0xa4,//2
  18                  0xb0,//3
  19                  0x99,//4
  20                  0x92,//5
  21                  0x82,//6
  22                  0xf8,//7
  23                  0x80,//8
  24                  0x90,//9
  25                  0xff,//ç©ºç™½
  26                  0x40};
  27          
  28          /**
  29                  * @brief                åˆå§‹åŒ–å‡½æ•°ï¼Œè®¾ç½®P3ä¸ºæ¨æŒ½è¾“å‡ºï¼Œå¹¶ä¸”ä¿è¯åˆå§‹åŒ–åæ•°ç ç®¡ä¸äº®
  30                  * @param                æ— 
  31                  * @retval               æ— 
  32          */
  33          void led888_Init(void){
  34   1              P3M1&= 0x0F;   // å°†P3M1å¯„å­˜å™¨å…¨éƒ¨æ¸…é›¶
  35   1          P3M0|= 0xF0;   // å°†P3M0å¯„å­˜å™¨å…¨éƒ¨ç½®ä¸€
  36   1              P3&=0x0f;
  37   1              P2=0xFF;
  38   1      }
  39                  
  40          void Nixie(unsigned char Location,Number){
  41   1              P3&=0x0f;
  42   1              
  43   1              switch(Location)
  44   1              {
  45   2                      case 1: P34=1;break;    //é€‰æ‹©æ•°ç ç®¡1
  46   2                      case 2: P35=1;break;    //é€‰æ‹©æ•°ç ç®¡2
  47   2                      case 3: P36=1;break;    //é€‰æ‹©æ•°ç ç®¡3
  48   2                      case 4: P37=1;break;    //é€‰æ‹©æ•°ç ç®¡4
  49   2              }
  50   1              P2=leddata[Number];
  51   1      }
  52          
  53          
C51 COMPILER V9.54   DIGITAL_LED                                                           11/27/2025 15:56:45 PAGE 2   

  54          /**
  55           * @brief  æ•°ç ç®¡æ‰«ææ˜¾ç¤ºå‡½æ•°
  56           * @param  æ— 
  57           * @retval æ— 
  58           * @note   å®šæ—¶å™¨æ¯2msè°ƒç”¨ä¸€æ¬¡ï¼Œå®ç°å¤šä½æ•°ç ç®¡çš„åŠ¨æ€æ˜¾ç¤º
  59           *         è‡ªåŠ¨è·³è¿‡å€¼ä¸º10çš„ä½ç½®ï¼ˆä¸æ˜¾ç¤ºï¼‰ï¼Œé¿å…æ˜¾ç¤ºäº®åº¦ä¸å‡
  60           *         æ˜¾ç¤ºå¯†åº¦è‡ªé€‚åº”ï¼šæ•°å­—å¤šæ—¶æ•´ä½“åæš—ï¼Œæ•°å­—å°‘æ—¶æ•´ä½“åäº®ï¼Œä½†äº®åº¦å‡åŒ€
  61           */
  62          void Scan_888led(void){
  63   1              static unsigned char number=0,i=0;//numberä¸ºè‡ªåŠ å€¼ï¼Œiä¸ºè¶…æ—¶åˆ¤å®š
  64   1              P2=0xFF;
  65   1              // è·³è¿‡ä¸æ˜¾ç¤ºçš„ä½ç½®ï¼ˆå€¼ä¸º10ï¼‰ï¼Œæœ€å¤šæŸ¥æ‰¾4æ¬¡é¿å…æ­»å¾ªç¯
  66   1              while(code_888led[number]==10 && i<4){
  67   2                      number = (number + 1) % 4;
  68   2                      i++;
  69   2              }i=0;//æŠŠiå½’0
  70   1              
  71   1              
  72   1              Nixie((number+1),code_888led[number]);//åœ¨å¯¹åº”ä½ç½®æ˜¾ç¤ºå¯¹åº”æ•°æ®
  73   1              number = (number + 1) % 4; //æ›´æ–°åˆ°ä¸‹ä¸€ä¸ªä½ç½®ï¼Œè®©numberå¾ªç¯åœ¨0~3
  74   1      }
  75          
  76          
  77          /**
  78                  * @brief                æ”¹å˜æŸä¸ªä½ç½®çš„æ•°å­—
  79                  * @param                è¦æ”¹å˜çš„ä½ç½®
  80                  * @param                è¦æ”¹æˆçš„æ•°å­—
  81                  * @retval               æ— 
  82                  */
  83          void Set_888led(unsigned char Location,Number){
  84   1              code_888led[(Location-1)]=Number;
  85   1      }
  86          
  87          


MODULE INFORMATION:   STATIC OVERLAYABLE
   CODE SIZE        =    122    ----
   CONSTANT SIZE    =     12    ----
   XDATA SIZE       =   ----    ----
   PDATA SIZE       =   ----    ----
   DATA SIZE        =      6    ----
   IDATA SIZE       =   ----    ----
   BIT SIZE         =   ----    ----
END OF MODULE INFORMATION.


C51 COMPILATION COMPLETE.  0 WARNING(S),  0 ERROR(S)
