C51 COMPILER V9.54   KEY                                                                   11/27/2025 15:40:31 PAGE 1   


C51 COMPILER V9.54, COMPILATION OF MODULE KEY
OBJECT MODULE PLACED IN .\Objects\Key.obj
COMPILER INVOKED BY: E:\Keil5 C51\Keil5 C51\C51\BIN\C51.EXE Key.c OPTIMIZE(8,SPEED) BROWSE DEBUG OBJECTEXTEND PRINT(.\Li
                    -stings\Key.lst) OBJECT(.\Objects\Key.obj)

line level    source

   1          #include "STC15.h"
   2          
   3          //å®šä¹‰ä¸­é—´å˜é‡
   4          unsigned char middle;
   5          
   6          
   7          //æ£€æµ‹æŒ‰é”®çŠ¶æ€è¿”å›
   8          unsigned char Detection_key()
   9          {
  10   1              unsigned char KeyNumber=0;
  11   1              
  12   1              if(P10==0){KeyNumber=1;}
  13   1              if(P11==0){KeyNumber=2;}
  14   1              if(P12==0){KeyNumber=3;}
  15   1              
  16   1              return KeyNumber;
  17   1      }
  18          
  19          //æ‰«ææŒ‰é”®çŠ¶æ€æ”¹å˜å…¨å±€å˜é‡ï¼ˆæ‰«æé—´éš”20msï¼Œè¿™æ¬¡æ‰«æç»“æœå’Œä¸Šæ¬¡ä¸ä¸€æ ·æ—¶æŠŠé”®å
             -€¼å†™å…¥å…¨å±€å˜é‡ï¼‰
  20          void Scan_key(){
  21   1              static unsigned char oldnum,newnum;
  22   1              oldnum=newnum;
  23   1              newnum=Detection_key();
  24   1              if(oldnum!=newnum && newnum==0){middle=oldnum;}
  25   1      }
  26          
  27          //è¾“å‡ºåæ¸…é›¶
  28          unsigned char switch0000(){
  29   1              unsigned char tem;//ä¸­é—´å˜é‡
  30   1              if(middle){
  31   2                      tem=middle;
  32   2                      middle=0;
  33   2                      return tem;
  34   2              }
  35   1              return tem;
  36   1      }


MODULE INFORMATION:   STATIC OVERLAYABLE
   CODE SIZE        =     49    ----
   CONSTANT SIZE    =   ----    ----
   XDATA SIZE       =   ----    ----
   PDATA SIZE       =   ----    ----
   DATA SIZE        =      3    ----
   IDATA SIZE       =   ----    ----
   BIT SIZE         =   ----    ----
END OF MODULE INFORMATION.


C51 COMPILATION COMPLETE.  0 WARNING(S),  0 ERROR(S)
