C51 COMPILER V9.54   TIMER0                                                                11/27/2025 15:40:31 PAGE 1   


C51 COMPILER V9.54, COMPILATION OF MODULE TIMER0
OBJECT MODULE PLACED IN .\Objects\Timer0.obj
COMPILER INVOKED BY: E:\Keil5 C51\Keil5 C51\C51\BIN\C51.EXE Timer0.c OPTIMIZE(8,SPEED) BROWSE DEBUG OBJECTEXTEND PRINT(.
                    -\Listings\Timer0.lst) OBJECT(.\Objects\Timer0.obj)

line level    source

   1          #include "STC15.h"
   2          
   3          void Timer0_Init(void)          //1毫秒@11.0592MHz
   4          {
   5   1              TMOD &= 0xF0;           //设置定时器模式
   6   1              TMOD |= 0x01;           //设置定时器模式
   7   1              TL0 = 0x18;             //设置定时初值
   8   1              TH0 = 0xFC;             //设置定时初值
   9   1              TF0 = 0;                //清除TF0标志
  10   1              TR0 = 1;                //定时器0开始计时
  11   1              ET0=1;  //允许中断（没做解释，自行了解）
  12   1              EA=1;   //允许总中断
  13   1              PT0=0;   //中断优先级等于0
  14   1      }


MODULE INFORMATION:   STATIC OVERLAYABLE
   CODE SIZE        =     23    ----
   CONSTANT SIZE    =   ----    ----
   XDATA SIZE       =   ----    ----
   PDATA SIZE       =   ----    ----
   DATA SIZE        =   ----    ----
   IDATA SIZE       =   ----    ----
   BIT SIZE         =   ----    ----
END OF MODULE INFORMATION.


C51 COMPILATION COMPLETE.  0 WARNING(S),  0 ERROR(S)
